Using pre-set license
Built from '2020.3/release' branch; Version is '2020.3.7f1 (dd97f2c94397) revision 14522354'; Using compiler version '192528614'; Build Type 'Release'
OS: 'Windows 10 Pro; OS build 19042.985; Version 2009; 64bit' Language: 'en' Physical Memory: 32699 MB
BatchMode: 1, IsHumanControllingUs: 0, StartBugReporterOnCrash: 0, Is64bit: 1, IsPro: 0

 COMMAND LINE ARGUMENTS:
D:\Unity\Unity\2020.3.7f1\Editor\Unity.exe
-adb2
-batchMode
-noUpm
-name
AssetImportWorker0
-projectPath
D:/Unity/Projects/SimpleRTS
-logFile
Logs/AssetImportWorker0.log
-srvPort
49961
Successfully changed project path to: D:/Unity/Projects/SimpleRTS
D:/Unity/Projects/SimpleRTS
Using Asset Import Pipeline V2.
Refreshing native plugins compatible for Editor in 19.69 ms, found 0 plugins.
Preloading 0 native plugins for Editor in 0.00 ms.
Initialize engine version: 2020.3.7f1 (dd97f2c94397)
[Subsystems] Discovering subsystems at path D:/Unity/Unity/2020.3.7f1/Editor/Data/Resources/UnitySubsystems
[Subsystems] Discovering subsystems at path D:/Unity/Projects/SimpleRTS/Assets
GfxDevice: creating device client; threaded=0
Direct3D:
    Version:  Direct3D 11.0 [level 11.1]
    Renderer: NVIDIA GeForce RTX 2060 SUPER (ID=0x1f06)
    Vendor:   
    VRAM:     8031 MB
    Driver:   27.21.14.6089
Initialize mono
Mono path[0] = 'D:/Unity/Unity/2020.3.7f1/Editor/Data/Managed'
Mono path[1] = 'D:/Unity/Unity/2020.3.7f1/Editor/Data/MonoBleedingEdge/lib/mono/unityjit'
Mono config path = 'D:/Unity/Unity/2020.3.7f1/Editor/Data/MonoBleedingEdge/etc'
Using monoOptions --debugger-agent=transport=dt_socket,embedding=1,server=y,suspend=n,address=127.0.0.1:56096
Begin MonoManager ReloadAssembly
Registering precompiled unity dll's ...
Register platform support module: D:/Unity/Unity/2020.3.7f1/Editor/Data/PlaybackEngines/WindowsStandaloneSupport/UnityEditor.WindowsStandalone.Extensions.dll
Registered in 0.001293 seconds.
Native extension for WindowsStandalone target not found
Refreshing native plugins compatible for Editor in 21.00 ms, found 0 plugins.
Preloading 0 native plugins for Editor in 0.00 ms.
Mono: successfully reloaded assembly
- Completed reload, in  0.975 seconds
Platform modules already initialized, skipping
Registering precompiled user dll's ...
Registered in 0.000460 seconds.
Begin MonoManager ReloadAssembly
Native extension for WindowsStandalone target not found
Refreshing native plugins compatible for Editor in 0.20 ms, found 0 plugins.
Preloading 0 native plugins for Editor in 0.00 ms.
Mono: successfully reloaded assembly
- Completed reload, in  0.646 seconds
Platform modules already initialized, skipping
========================================================================
Worker process is ready to serve import requests
Launched and connected shader compiler UnityShaderCompiler.exe after 0.14 seconds
Refreshing native plugins compatible for Editor in 0.23 ms, found 0 plugins.
Preloading 0 native plugins for Editor in 0.00 ms.
Unloading 1179 Unused Serialized files (Serialized files now loaded: 0)
System memory in use before: 67.0 MB.
System memory in use after: 67.1 MB.

Unloading 10 unused Assets to reduce memory usage. Loaded Objects now: 1636.
Total: 1.493900 ms (FindLiveObjects: 0.124300 ms CreateObjectMapping: 0.033400 ms MarkObjects: 1.262000 ms  DeleteObjects: 0.072500 ms)

========================================================================
Received Import Request.
  path: Assets/Prefabs/Vehicles/Scout_Car.prefab
  artifactKey: Guid(d63c95c5f0a1ebf418c53f1c2350f091) Importer(815301076,1909f56bfc062723c751e8b465ee728b)
Start importing Assets/Prefabs/Vehicles/Scout_Car.prefab using Guid(d63c95c5f0a1ebf418c53f1c2350f091) Importer(815301076,1909f56bfc062723c751e8b465ee728b)  -> (artifact id: 'd235c16d074f30357b8bd725866ac2a2') in 0.078152 seconds
  Import took 0.080354 seconds .

========================================================================
Received Prepare
Registering precompiled user dll's ...
Registered in 0.000409 seconds.
Begin MonoManager ReloadAssembly
Native extension for WindowsStandalone target not found
Refreshing native plugins compatible for Editor in 0.21 ms, found 0 plugins.
Preloading 0 native plugins for Editor in 0.00 ms.
Mono: successfully reloaded assembly
- Completed reload, in  0.595 seconds
Platform modules already initialized, skipping
Refreshing native plugins compatible for Editor in 0.21 ms, found 0 plugins.
Preloading 0 native plugins for Editor in 0.00 ms.
Unloading 1160 Unused Serialized files (Serialized files now loaded: 0)
System memory in use before: 68.7 MB.
System memory in use after: 68.8 MB.

Unloading 5 unused Assets to reduce memory usage. Loaded Objects now: 1646.
Total: 1.344600 ms (FindLiveObjects: 0.105700 ms CreateObjectMapping: 0.026300 ms MarkObjects: 1.170300 ms  DeleteObjects: 0.041500 ms)

========================================================================
Received Import Request.
  Time since last request: 283.434695 seconds.
  path: Assets/Prefabs/Vehicles/Helicopter.prefab
  artifactKey: Guid(c6b7f931690075f429d9a15c88f87436) Importer(815301076,1909f56bfc062723c751e8b465ee728b)
Start importing Assets/Prefabs/Vehicles/Helicopter.prefab using Guid(c6b7f931690075f429d9a15c88f87436) Importer(815301076,1909f56bfc062723c751e8b465ee728b)  -> (artifact id: 'c0666af218a112282d5ddfd0fa773ac6') in 0.054266 seconds
  Import took 0.058236 seconds .

========================================================================
Received Import Request.
  Time since last request: 1.961607 seconds.
  path: Assets/Prefabs/Vehicles/Helicopter.prefab
  artifactKey: Guid(c6b7f931690075f429d9a15c88f87436) Importer(815301076,1909f56bfc062723c751e8b465ee728b)
Start importing Assets/Prefabs/Vehicles/Helicopter.prefab using Guid(c6b7f931690075f429d9a15c88f87436) Importer(815301076,1909f56bfc062723c751e8b465ee728b)  -> (artifact id: '7c289dbafd61c5344ff099909bed4df4') in 0.003729 seconds
  Import took 0.006180 seconds .

========================================================================
Received Import Request.
  Time since last request: 8.260397 seconds.
  path: Assets/Prefabs/Vehicles/Helicopter 1.prefab
  artifactKey: Guid(8d71c237eee259542b9449c56e84224e) Importer(815301076,1909f56bfc062723c751e8b465ee728b)
Start importing Assets/Prefabs/Vehicles/Helicopter 1.prefab using Guid(8d71c237eee259542b9449c56e84224e) Importer(815301076,1909f56bfc062723c751e8b465ee728b)  -> (artifact id: '0aa4ebd9d09435763acd77455ee56b8b') in 0.010463 seconds
  Import took 0.013146 seconds .

========================================================================
Received Import Request.
  Time since last request: 0.018773 seconds.
  path: Assets/Prefabs/Vehicles/Helicopter 1.prefab
  artifactKey: Guid(8d71c237eee259542b9449c56e84224e) Importer(815301076,1909f56bfc062723c751e8b465ee728b)
Start importing Assets/Prefabs/Vehicles/Helicopter 1.prefab using Guid(8d71c237eee259542b9449c56e84224e) Importer(815301076,1909f56bfc062723c751e8b465ee728b)  -> (artifact id: '0aa4ebd9d09435763acd77455ee56b8b') in 0.008803 seconds
  Import took 0.011260 seconds .

========================================================================
Received Import Request.
  Time since last request: 4.489209 seconds.
  path: Assets/Prefabs/Vehicles/Helicopter.prefab
  artifactKey: Guid(8d71c237eee259542b9449c56e84224e) Importer(815301076,1909f56bfc062723c751e8b465ee728b)
Start importing Assets/Prefabs/Vehicles/Helicopter.prefab using Guid(8d71c237eee259542b9449c56e84224e) Importer(815301076,1909f56bfc062723c751e8b465ee728b)  -> (artifact id: 'e3257145376079eb2035cd38ac64999f') in 0.013361 seconds
  Import took 0.015915 seconds .

========================================================================
Received Import Request.
  Time since last request: 0.012272 seconds.
  path: Assets/Prefabs/Vehicles/Helicopter.prefab
  artifactKey: Guid(8d71c237eee259542b9449c56e84224e) Importer(815301076,1909f56bfc062723c751e8b465ee728b)
Start importing Assets/Prefabs/Vehicles/Helicopter.prefab using Guid(8d71c237eee259542b9449c56e84224e) Importer(815301076,1909f56bfc062723c751e8b465ee728b)  -> (artifact id: 'e3257145376079eb2035cd38ac64999f') in 0.008511 seconds
  Import took 0.010252 seconds .

========================================================================
Received Import Request.
  Time since last request: 31.450183 seconds.
  path: Assets/Prefabs/Vehicles/Helicopter.prefab
  artifactKey: Guid(8d71c237eee259542b9449c56e84224e) Importer(815301076,1909f56bfc062723c751e8b465ee728b)
Start importing Assets/Prefabs/Vehicles/Helicopter.prefab using Guid(8d71c237eee259542b9449c56e84224e) Importer(815301076,1909f56bfc062723c751e8b465ee728b)  -> (artifact id: 'fe40cfc23951a4bb6f257520fbea53ba') in 0.008281 seconds
  Import took 0.010100 seconds .

========================================================================
Received Import Request.
  Time since last request: 0.021458 seconds.
  path: Assets/Prefabs/Vehicles/Helicopter.prefab
  artifactKey: Guid(8d71c237eee259542b9449c56e84224e) Importer(815301076,1909f56bfc062723c751e8b465ee728b)
Start importing Assets/Prefabs/Vehicles/Helicopter.prefab using Guid(8d71c237eee259542b9449c56e84224e) Importer(815301076,1909f56bfc062723c751e8b465ee728b)  -> (artifact id: 'fe40cfc23951a4bb6f257520fbea53ba') in 0.008552 seconds
  Import took 0.010325 seconds .

========================================================================
Received Prepare
Registering precompiled user dll's ...
Registered in 0.000460 seconds.
Begin MonoManager ReloadAssembly
Native extension for WindowsStandalone target not found
Refreshing native plugins compatible for Editor in 0.20 ms, found 0 plugins.
Preloading 0 native plugins for Editor in 0.00 ms.
Mono: successfully reloaded assembly
- Completed reload, in  0.578 seconds
Platform modules already initialized, skipping
Refreshing native plugins compatible for Editor in 0.21 ms, found 0 plugins.
Preloading 0 native plugins for Editor in 0.00 ms.
Unloading 1160 Unused Serialized files (Serialized files now loaded: 0)
System memory in use before: 68.7 MB.
System memory in use after: 68.8 MB.

Unloading 5 unused Assets to reduce memory usage. Loaded Objects now: 1650.
Total: 1.372000 ms (FindLiveObjects: 0.113700 ms CreateObjectMapping: 0.027700 ms MarkObjects: 1.186100 ms  DeleteObjects: 0.043700 ms)

========================================================================
Received Prepare
Registering precompiled user dll's ...
Registered in 0.000381 seconds.
Begin MonoManager ReloadAssembly
Native extension for WindowsStandalone target not found
Refreshing native plugins compatible for Editor in 0.20 ms, found 0 plugins.
Preloading 0 native plugins for Editor in 0.00 ms.
Mono: successfully reloaded assembly
- Completed reload, in  0.572 seconds
Platform modules already initialized, skipping
Refreshing native plugins compatible for Editor in 0.21 ms, found 0 plugins.
Preloading 0 native plugins for Editor in 0.00 ms.
Unloading 1160 Unused Serialized files (Serialized files now loaded: 0)
System memory in use before: 68.8 MB.
System memory in use after: 68.8 MB.

Unloading 5 unused Assets to reduce memory usage. Loaded Objects now: 1653.
Total: 1.465100 ms (FindLiveObjects: 0.119400 ms CreateObjectMapping: 0.034000 ms MarkObjects: 1.265800 ms  DeleteObjects: 0.045200 ms)

========================================================================
Received Import Request.
  Time since last request: 203.299858 seconds.
  path: Assets/Prefabs/Vehicles/Scout_Car.prefab
  artifactKey: Guid(d63c95c5f0a1ebf418c53f1c2350f091) Importer(815301076,1909f56bfc062723c751e8b465ee728b)
Start importing Assets/Prefabs/Vehicles/Scout_Car.prefab using Guid(d63c95c5f0a1ebf418c53f1c2350f091) Importer(815301076,1909f56bfc062723c751e8b465ee728b)  -> (artifact id: 'd4319b82a20e7a943cd508647b4090e8') in 0.042301 seconds
  Import took 0.044071 seconds .

========================================================================
Received Import Request.
  Time since last request: 15.978417 seconds.
  path: Assets/Prefabs/Vehicles/Scout_Car.prefab
  artifactKey: Guid(d63c95c5f0a1ebf418c53f1c2350f091) Importer(815301076,1909f56bfc062723c751e8b465ee728b)
Start importing Assets/Prefabs/Vehicles/Scout_Car.prefab using Guid(d63c95c5f0a1ebf418c53f1c2350f091) Importer(815301076,1909f56bfc062723c751e8b465ee728b)  -> (artifact id: '655ac5f3b0999e456ab3f0a0d93e34a0') in 0.054610 seconds
  Import took 0.056967 seconds .

========================================================================
Received Import Request.
  Time since last request: 6.791818 seconds.
  path: Assets/Prefabs/Vehicles/Scout_Car.prefab
  artifactKey: Guid(d63c95c5f0a1ebf418c53f1c2350f091) Importer(815301076,1909f56bfc062723c751e8b465ee728b)
Start importing Assets/Prefabs/Vehicles/Scout_Car.prefab using Guid(d63c95c5f0a1ebf418c53f1c2350f091) Importer(815301076,1909f56bfc062723c751e8b465ee728b)  -> (artifact id: 'c510b93b34618edaa1078e7f67fea581') in 0.045582 seconds
  Import took 0.048063 seconds .

========================================================================
Received Import Request.
  Time since last request: 0.340775 seconds.
  path: Assets/Prefabs/Vehicles/Scout_Car.prefab
  artifactKey: Guid(d63c95c5f0a1ebf418c53f1c2350f091) Importer(815301076,1909f56bfc062723c751e8b465ee728b)
Start importing Assets/Prefabs/Vehicles/Scout_Car.prefab using Guid(d63c95c5f0a1ebf418c53f1c2350f091) Importer(815301076,1909f56bfc062723c751e8b465ee728b)  -> (artifact id: 'ff748df7a1da5be18c001860813fb058') in 0.078563 seconds
  Import took 0.080475 seconds .

========================================================================
Received Import Request.
  Time since last request: 4.270816 seconds.
  path: Assets/Prefabs/Vehicles/Scout_Car.prefab
  artifactKey: Guid(d63c95c5f0a1ebf418c53f1c2350f091) Importer(815301076,1909f56bfc062723c751e8b465ee728b)
Start importing Assets/Prefabs/Vehicles/Scout_Car.prefab using Guid(d63c95c5f0a1ebf418c53f1c2350f091) Importer(815301076,1909f56bfc062723c751e8b465ee728b)  -> (artifact id: 'ef6eea046d20171fa666aa51379d1019') in 0.025613 seconds
  Import took 0.027634 seconds .

========================================================================
Received Import Request.
  Time since last request: 5.380527 seconds.
  path: Assets/Prefabs/Vehicles/Scout_Car.prefab
  artifactKey: Guid(d63c95c5f0a1ebf418c53f1c2350f091) Importer(815301076,1909f56bfc062723c751e8b465ee728b)
Start importing Assets/Prefabs/Vehicles/Scout_Car.prefab using Guid(d63c95c5f0a1ebf418c53f1c2350f091) Importer(815301076,1909f56bfc062723c751e8b465ee728b)  -> (artifact id: '0c227d7bafe578196b66a85b0a46bf6f') in 0.043752 seconds
  Import took 0.046159 seconds .

========================================================================
Received Import Request.
  Time since last request: 12.332709 seconds.
  path: Assets/Prefabs/Vehicles/Scout_Car.prefab
  artifactKey: Guid(d63c95c5f0a1ebf418c53f1c2350f091) Importer(815301076,1909f56bfc062723c751e8b465ee728b)
Start importing Assets/Prefabs/Vehicles/Scout_Car.prefab using Guid(d63c95c5f0a1ebf418c53f1c2350f091) Importer(815301076,1909f56bfc062723c751e8b465ee728b)  -> (artifact id: '7da92de0e819f6c8b3a436e9a44050aa') in 0.045223 seconds
  Import took 0.047143 seconds .

========================================================================
Received Import Request.
  Time since last request: 11.136239 seconds.
  path: Assets/Prefabs/Vehicles/Scout_Car.prefab
  artifactKey: Guid(d63c95c5f0a1ebf418c53f1c2350f091) Importer(815301076,1909f56bfc062723c751e8b465ee728b)
Start importing Assets/Prefabs/Vehicles/Scout_Car.prefab using Guid(d63c95c5f0a1ebf418c53f1c2350f091) Importer(815301076,1909f56bfc062723c751e8b465ee728b)  -> (artifact id: '69f400173cf0356c32c638855de69126') in 0.024479 seconds
  Import took 0.026336 seconds .

========================================================================
Received Import Request.
  Time since last request: 11.872935 seconds.
  path: Assets/Prefabs/Vehicles/Scout_Car.prefab
  artifactKey: Guid(d63c95c5f0a1ebf418c53f1c2350f091) Importer(815301076,1909f56bfc062723c751e8b465ee728b)
Start importing Assets/Prefabs/Vehicles/Scout_Car.prefab using Guid(d63c95c5f0a1ebf418c53f1c2350f091) Importer(815301076,1909f56bfc062723c751e8b465ee728b)  -> (artifact id: 'c7c919e2b2d48ec80ccd47d28d606450') in 0.037547 seconds
  Import took 0.039517 seconds .

========================================================================
Received Import Request.
  Time since last request: 0.996873 seconds.
  path: Assets/Prefabs/Vehicles/Scout_Car.prefab
  artifactKey: Guid(d63c95c5f0a1ebf418c53f1c2350f091) Importer(815301076,1909f56bfc062723c751e8b465ee728b)
Start importing Assets/Prefabs/Vehicles/Scout_Car.prefab using Guid(d63c95c5f0a1ebf418c53f1c2350f091) Importer(815301076,1909f56bfc062723c751e8b465ee728b)  -> (artifact id: 'f77304521c83e00ad0da4eaca3a448bb') in 0.024130 seconds
  Import took 0.026135 seconds .

========================================================================
Received Import Request.
  Time since last request: 1.570642 seconds.
  path: Assets/Prefabs/Vehicles/Scout_Car.prefab
  artifactKey: Guid(d63c95c5f0a1ebf418c53f1c2350f091) Importer(815301076,1909f56bfc062723c751e8b465ee728b)
Start importing Assets/Prefabs/Vehicles/Scout_Car.prefab using Guid(d63c95c5f0a1ebf418c53f1c2350f091) Importer(815301076,1909f56bfc062723c751e8b465ee728b)  -> (artifact id: 'c5283ef0415102607d80eb293f3be0a3') in 0.024841 seconds
  Import took 0.026731 seconds .

========================================================================
Received Prepare
Registering precompiled user dll's ...
Registered in 0.000415 seconds.
Begin MonoManager ReloadAssembly
Native extension for WindowsStandalone target not found
Refreshing native plugins compatible for Editor in 0.20 ms, found 0 plugins.
Preloading 0 native plugins for Editor in 0.00 ms.
Mono: successfully reloaded assembly
- Completed reload, in  0.591 seconds
Platform modules already initialized, skipping
Refreshing native plugins compatible for Editor in 0.20 ms, found 0 plugins.
Preloading 0 native plugins for Editor in 0.00 ms.
Unloading 1160 Unused Serialized files (Serialized files now loaded: 0)
System memory in use before: 68.8 MB.
System memory in use after: 68.9 MB.

Unloading 5 unused Assets to reduce memory usage. Loaded Objects now: 1657.
Total: 1.376200 ms (FindLiveObjects: 0.114700 ms CreateObjectMapping: 0.029700 ms MarkObjects: 1.184300 ms  DeleteObjects: 0.046200 ms)

========================================================================
Received Prepare
Registering precompiled user dll's ...
Registered in 0.000568 seconds.
Begin MonoManager ReloadAssembly
Native extension for WindowsStandalone target not found
Refreshing native plugins compatible for Editor in 0.21 ms, found 0 plugins.
Preloading 0 native plugins for Editor in 0.00 ms.
Mono: successfully reloaded assembly
- Completed reload, in  0.726 seconds
Platform modules already initialized, skipping
Refreshing native plugins compatible for Editor in 0.22 ms, found 0 plugins.
Preloading 0 native plugins for Editor in 0.00 ms.
Unloading 1160 Unused Serialized files (Serialized files now loaded: 0)
System memory in use before: 68.8 MB.
System memory in use after: 68.9 MB.

Unloading 5 unused Assets to reduce memory usage. Loaded Objects now: 1660.
Total: 1.590500 ms (FindLiveObjects: 0.182300 ms CreateObjectMapping: 0.048000 ms MarkObjects: 1.305000 ms  DeleteObjects: 0.053300 ms)

========================================================================
Received Prepare
Registering precompiled user dll's ...
Registered in 0.000452 seconds.
Begin MonoManager ReloadAssembly
Native extension for WindowsStandalone target not found
Refreshing native plugins compatible for Editor in 0.28 ms, found 0 plugins.
Preloading 0 native plugins for Editor in 0.00 ms.
Mono: successfully reloaded assembly
- Completed reload, in  0.774 seconds
Platform modules already initialized, skipping
Refreshing native plugins compatible for Editor in 0.47 ms, found 0 plugins.
Preloading 0 native plugins for Editor in 0.00 ms.
Unloading 1160 Unused Serialized files (Serialized files now loaded: 0)
System memory in use before: 68.8 MB.
System memory in use after: 68.9 MB.

Unloading 5 unused Assets to reduce memory usage. Loaded Objects now: 1663.
Total: 2.484900 ms (FindLiveObjects: 0.218200 ms CreateObjectMapping: 0.046200 ms MarkObjects: 2.140100 ms  DeleteObjects: 0.078300 ms)

========================================================================
Received Prepare
Registering precompiled user dll's ...
Registered in 0.000422 seconds.
Begin MonoManager ReloadAssembly
Native extension for WindowsStandalone target not found
Refreshing native plugins compatible for Editor in 0.33 ms, found 0 plugins.
Preloading 0 native plugins for Editor in 0.00 ms.
Mono: successfully reloaded assembly
- Completed reload, in  0.779 seconds
Platform modules already initialized, skipping
Refreshing native plugins compatible for Editor in 0.51 ms, found 0 plugins.
Preloading 0 native plugins for Editor in 0.00 ms.
Unloading 1160 Unused Serialized files (Serialized files now loaded: 0)
System memory in use before: 68.8 MB.
System memory in use after: 68.9 MB.

Unloading 5 unused Assets to reduce memory usage. Loaded Objects now: 1666.
Total: 3.072200 ms (FindLiveObjects: 0.247100 ms CreateObjectMapping: 0.094500 ms MarkObjects: 2.642200 ms  DeleteObjects: 0.085500 ms)

========================================================================
Received Prepare
Registering precompiled user dll's ...
Registered in 0.000415 seconds.
Begin MonoManager ReloadAssembly
Native extension for WindowsStandalone target not found
Refreshing native plugins compatible for Editor in 0.28 ms, found 0 plugins.
Preloading 0 native plugins for Editor in 0.00 ms.
Mono: successfully reloaded assembly
- Completed reload, in  0.615 seconds
Platform modules already initialized, skipping
Refreshing native plugins compatible for Editor in 0.32 ms, found 0 plugins.
Preloading 0 native plugins for Editor in 0.00 ms.
Unloading 1160 Unused Serialized files (Serialized files now loaded: 0)
System memory in use before: 68.8 MB.
System memory in use after: 68.9 MB.

Unloading 5 unused Assets to reduce memory usage. Loaded Objects now: 1669.
Total: 1.338400 ms (FindLiveObjects: 0.120200 ms CreateObjectMapping: 0.028600 ms MarkObjects: 1.143900 ms  DeleteObjects: 0.044700 ms)

========================================================================
Received Prepare
Registering precompiled user dll's ...
Registered in 0.000910 seconds.
Begin MonoManager ReloadAssembly
Native extension for WindowsStandalone target not found
Refreshing native plugins compatible for Editor in 0.20 ms, found 0 plugins.
Preloading 0 native plugins for Editor in 0.00 ms.
Mono: successfully reloaded assembly
- Completed reload, in  0.640 seconds
Platform modules already initialized, skipping
Refreshing native plugins compatible for Editor in 0.23 ms, found 0 plugins.
Preloading 0 native plugins for Editor in 0.00 ms.
Unloading 1160 Unused Serialized files (Serialized files now loaded: 0)
System memory in use before: 68.8 MB.
System memory in use after: 68.9 MB.

Unloading 5 unused Assets to reduce memory usage. Loaded Objects now: 1672.
Total: 1.701000 ms (FindLiveObjects: 0.157400 ms CreateObjectMapping: 0.036600 ms MarkObjects: 1.451500 ms  DeleteObjects: 0.053000 ms)

========================================================================
Received Prepare
Registering precompiled user dll's ...
Registered in 0.000472 seconds.
Begin MonoManager ReloadAssembly
Native extension for WindowsStandalone target not found
Refreshing native plugins compatible for Editor in 0.25 ms, found 0 plugins.
Preloading 0 native plugins for Editor in 0.00 ms.
Mono: successfully reloaded assembly
- Completed reload, in  0.584 seconds
Platform modules already initialized, skipping
Refreshing native plugins compatible for Editor in 0.22 ms, found 0 plugins.
Preloading 0 native plugins for Editor in 0.00 ms.
Unloading 1160 Unused Serialized files (Serialized files now loaded: 0)
System memory in use before: 68.8 MB.
System memory in use after: 68.9 MB.

Unloading 5 unused Assets to reduce memory usage. Loaded Objects now: 1675.
Total: 1.528500 ms (FindLiveObjects: 0.123100 ms CreateObjectMapping: 0.027800 ms MarkObjects: 1.330200 ms  DeleteObjects: 0.046100 ms)

========================================================================
Received Prepare
Registering precompiled user dll's ...
Registered in 0.000413 seconds.
Begin MonoManager ReloadAssembly
Native extension for WindowsStandalone target not found
Refreshing native plugins compatible for Editor in 0.24 ms, found 0 plugins.
Preloading 0 native plugins for Editor in 0.00 ms.
Mono: successfully reloaded assembly
- Completed reload, in  0.577 seconds
Platform modules already initialized, skipping
Refreshing native plugins compatible for Editor in 0.21 ms, found 0 plugins.
Preloading 0 native plugins for Editor in 0.00 ms.
Unloading 1160 Unused Serialized files (Serialized files now loaded: 0)
System memory in use before: 68.8 MB.
System memory in use after: 68.9 MB.

Unloading 5 unused Assets to reduce memory usage. Loaded Objects now: 1678.
Total: 1.641100 ms (FindLiveObjects: 0.159300 ms CreateObjectMapping: 0.039600 ms MarkObjects: 1.389800 ms  DeleteObjects: 0.050900 ms)

========================================================================
Received Prepare
Registering precompiled user dll's ...
Registered in 0.000449 seconds.
Begin MonoManager ReloadAssembly
Native extension for WindowsStandalone target not found
Refreshing native plugins compatible for Editor in 0.21 ms, found 0 plugins.
Preloading 0 native plugins for Editor in 0.00 ms.
Mono: successfully reloaded assembly
- Completed reload, in  0.628 seconds
Platform modules already initialized, skipping
Refreshing native plugins compatible for Editor in 0.21 ms, found 0 plugins.
Preloading 0 native plugins for Editor in 0.00 ms.
Unloading 1160 Unused Serialized files (Serialized files now loaded: 0)
System memory in use before: 68.8 MB.
System memory in use after: 68.9 MB.

Unloading 5 unused Assets to reduce memory usage. Loaded Objects now: 1681.
Total: 1.693900 ms (FindLiveObjects: 0.121700 ms CreateObjectMapping: 0.028000 ms MarkObjects: 1.480400 ms  DeleteObjects: 0.062400 ms)

========================================================================
Received Import Request.
  Time since last request: 847.532450 seconds.
  path: Assets/Prefabs/Vehicles/Scout_Car.prefab
  artifactKey: Guid(d63c95c5f0a1ebf418c53f1c2350f091) Importer(815301076,1909f56bfc062723c751e8b465ee728b)
Start importing Assets/Prefabs/Vehicles/Scout_Car.prefab using Guid(d63c95c5f0a1ebf418c53f1c2350f091) Importer(815301076,1909f56bfc062723c751e8b465ee728b)  -> (artifact id: '2b543c101ba303398e000529b3616bb2') in 0.085918 seconds
  Import took 0.087834 seconds .

========================================================================
Received Prepare
Registering precompiled user dll's ...
Registered in 0.000432 seconds.
Begin MonoManager ReloadAssembly
Native extension for WindowsStandalone target not found
Refreshing native plugins compatible for Editor in 0.20 ms, found 0 plugins.
Preloading 0 native plugins for Editor in 0.00 ms.
Mono: successfully reloaded assembly
- Completed reload, in  0.604 seconds
Platform modules already initialized, skipping
Refreshing native plugins compatible for Editor in 0.21 ms, found 0 plugins.
Preloading 0 native plugins for Editor in 0.00 ms.
Unloading 1160 Unused Serialized files (Serialized files now loaded: 0)
System memory in use before: 68.9 MB.
System memory in use after: 68.9 MB.

Unloading 5 unused Assets to reduce memory usage. Loaded Objects now: 1685.
Total: 1.437400 ms (FindLiveObjects: 0.118400 ms CreateObjectMapping: 0.031200 ms MarkObjects: 1.244800 ms  DeleteObjects: 0.042000 ms)

========================================================================
Received Prepare
Registering precompiled user dll's ...
Registered in 0.000511 seconds.
Begin MonoManager ReloadAssembly
Native extension for WindowsStandalone target not found
Refreshing native plugins compatible for Editor in 0.22 ms, found 0 plugins.
Preloading 0 native plugins for Editor in 0.00 ms.
Mono: successfully reloaded assembly
- Completed reload, in  0.583 seconds
Platform modules already initialized, skipping
Refreshing native plugins compatible for Editor in 0.20 ms, found 0 plugins.
Preloading 0 native plugins for Editor in 0.00 ms.
Unloading 1160 Unused Serialized files (Serialized files now loaded: 0)
System memory in use before: 68.9 MB.
System memory in use after: 68.9 MB.

Unloading 5 unused Assets to reduce memory usage. Loaded Objects now: 1688.
Total: 1.601100 ms (FindLiveObjects: 0.132600 ms CreateObjectMapping: 0.035700 ms MarkObjects: 1.382200 ms  DeleteObjects: 0.049200 ms)

========================================================================
Received Prepare
Registering precompiled user dll's ...
Registered in 0.000453 seconds.
Begin MonoManager ReloadAssembly
Native extension for WindowsStandalone target not found
Refreshing native plugins compatible for Editor in 0.20 ms, found 0 plugins.
Preloading 0 native plugins for Editor in 0.00 ms.
Mono: successfully reloaded assembly
- Completed reload, in  0.596 seconds
Platform modules already initialized, skipping
Refreshing native plugins compatible for Editor in 0.20 ms, found 0 plugins.
Preloading 0 native plugins for Editor in 0.00 ms.
Unloading 1160 Unused Serialized files (Serialized files now loaded: 0)
System memory in use before: 68.9 MB.
System memory in use after: 68.9 MB.

Unloading 5 unused Assets to reduce memory usage. Loaded Objects now: 1691.
Total: 1.480500 ms (FindLiveObjects: 0.128600 ms CreateObjectMapping: 0.034100 ms MarkObjects: 1.268900 ms  DeleteObjects: 0.047900 ms)

========================================================================
Received Prepare
Registering precompiled user dll's ...
Registered in 0.000722 seconds.
Begin MonoManager ReloadAssembly
Native extension for WindowsStandalone target not found
Refreshing native plugins compatible for Editor in 0.20 ms, found 0 plugins.
Preloading 0 native plugins for Editor in 0.00 ms.
Mono: successfully reloaded assembly
- Completed reload, in  0.587 seconds
Platform modules already initialized, skipping
Refreshing native plugins compatible for Editor in 0.20 ms, found 0 plugins.
Preloading 0 native plugins for Editor in 0.00 ms.
Unloading 1160 Unused Serialized files (Serialized files now loaded: 0)
System memory in use before: 68.9 MB.
System memory in use after: 68.9 MB.

Unloading 5 unused Assets to reduce memory usage. Loaded Objects now: 1694.
Total: 1.442200 ms (FindLiveObjects: 0.119700 ms CreateObjectMapping: 0.028300 ms MarkObjects: 1.245400 ms  DeleteObjects: 0.047300 ms)

========================================================================
Received Prepare
Registering precompiled user dll's ...
Registered in 0.000400 seconds.
Begin MonoManager ReloadAssembly
Native extension for WindowsStandalone target not found
Refreshing native plugins compatible for Editor in 0.20 ms, found 0 plugins.
Preloading 0 native plugins for Editor in 0.00 ms.
Mono: successfully reloaded assembly
- Completed reload, in  0.607 seconds
Platform modules already initialized, skipping
Refreshing native plugins compatible for Editor in 0.20 ms, found 0 plugins.
Preloading 0 native plugins for Editor in 0.00 ms.
Unloading 1160 Unused Serialized files (Serialized files now loaded: 0)
System memory in use before: 68.9 MB.
System memory in use after: 69.0 MB.

Unloading 5 unused Assets to reduce memory usage. Loaded Objects now: 1697.
Total: 1.464900 ms (FindLiveObjects: 0.136200 ms CreateObjectMapping: 0.032900 ms MarkObjects: 1.240900 ms  DeleteObjects: 0.053200 ms)

========================================================================
Received Prepare
Registering precompiled user dll's ...
Registered in 0.000470 seconds.
Begin MonoManager ReloadAssembly
Native extension for WindowsStandalone target not found
Refreshing native plugins compatible for Editor in 0.22 ms, found 0 plugins.
Preloading 0 native plugins for Editor in 0.00 ms.
Mono: successfully reloaded assembly
- Completed reload, in  0.731 seconds
Platform modules already initialized, skipping
Refreshing native plugins compatible for Editor in 0.22 ms, found 0 plugins.
Preloading 0 native plugins for Editor in 0.00 ms.
Unloading 1160 Unused Serialized files (Serialized files now loaded: 0)
System memory in use before: 68.9 MB.
System memory in use after: 69.0 MB.

Unloading 5 unused Assets to reduce memory usage. Loaded Objects now: 1700.
Total: 1.695100 ms (FindLiveObjects: 0.138700 ms CreateObjectMapping: 0.034400 ms MarkObjects: 1.476600 ms  DeleteObjects: 0.044300 ms)

========================================================================
Received Prepare
Registering precompiled user dll's ...
Registered in 0.000437 seconds.
Begin MonoManager ReloadAssembly
Native extension for WindowsStandalone target not found
Refreshing native plugins compatible for Editor in 0.20 ms, found 0 plugins.
Preloading 0 native plugins for Editor in 0.00 ms.
Mono: successfully reloaded assembly
- Completed reload, in  0.623 seconds
Platform modules already initialized, skipping
Refreshing native plugins compatible for Editor in 0.21 ms, found 0 plugins.
Preloading 0 native plugins for Editor in 0.00 ms.
Unloading 1160 Unused Serialized files (Serialized files now loaded: 0)
System memory in use before: 68.9 MB.
System memory in use after: 69.0 MB.

Unloading 5 unused Assets to reduce memory usage. Loaded Objects now: 1703.
Total: 1.819200 ms (FindLiveObjects: 0.239400 ms CreateObjectMapping: 0.047600 ms MarkObjects: 1.475100 ms  DeleteObjects: 0.054700 ms)

========================================================================
Received Prepare
Registering precompiled user dll's ...
Registered in 0.000422 seconds.
Begin MonoManager ReloadAssembly
Native extension for WindowsStandalone target not found
Refreshing native plugins compatible for Editor in 0.21 ms, found 0 plugins.
Preloading 0 native plugins for Editor in 0.00 ms.
Mono: successfully reloaded assembly
- Completed reload, in  0.617 seconds
Platform modules already initialized, skipping
Refreshing native plugins compatible for Editor in 0.20 ms, found 0 plugins.
Preloading 0 native plugins for Editor in 0.00 ms.
Unloading 1160 Unused Serialized files (Serialized files now loaded: 0)
System memory in use before: 68.9 MB.
System memory in use after: 69.0 MB.

Unloading 5 unused Assets to reduce memory usage. Loaded Objects now: 1706.
Total: 1.626300 ms (FindLiveObjects: 0.154500 ms CreateObjectMapping: 0.032300 ms MarkObjects: 1.386600 ms  DeleteObjects: 0.051500 ms)

========================================================================
Received Prepare
Registering precompiled user dll's ...
Registered in 0.000610 seconds.
Begin MonoManager ReloadAssembly
Native extension for WindowsStandalone target not found
Refreshing native plugins compatible for Editor in 0.25 ms, found 0 plugins.
Preloading 0 native plugins for Editor in 0.00 ms.
Mono: successfully reloaded assembly
- Completed reload, in  0.655 seconds
Platform modules already initialized, skipping
Refreshing native plugins compatible for Editor in 0.19 ms, found 0 plugins.
Preloading 0 native plugins for Editor in 0.00 ms.
Unloading 1160 Unused Serialized files (Serialized files now loaded: 0)
System memory in use before: 68.9 MB.
System memory in use after: 69.0 MB.

Unloading 5 unused Assets to reduce memory usage. Loaded Objects now: 1709.
Total: 1.630600 ms (FindLiveObjects: 0.125500 ms CreateObjectMapping: 0.030600 ms MarkObjects: 1.420100 ms  DeleteObjects: 0.053200 ms)

AssetImportWorkerClient::OnTransportError - code=2 error=End of file
